<?xml version="1.0" encoding="UTF-8"?>
<!-- Generated by org.testng.reporters.JUnitXMLReporter -->
<testsuite hostname="DESKTOP-MOUJJKK" name="Test" tests="6" failures="0" timestamp="14 Apr 2020 07:51:31 GMT" time="80.888" errors="0">
  <testcase name="verifyLogo" time="2.759" classname="com.qa.testscripts.HomePageTest"/>
  <testcase name="verifyHomePageTest" time="0.039" classname="com.qa.testscripts.HomePageTest"/>
  <testcase name="verifyContactslinkTest" time="1.78" classname="com.qa.testscripts.HomePageTest"/>
  <testcase name="verifyCalendarTest" time="2.218" classname="com.qa.testscripts.HomePageTest"/>
  <testcase name="IntroductionTest" time="2.784" classname="com.qa.testscripts.IntroductionTest"/>
  <testcase name="LoginPageTest" time="0.534" classname="com.qa.testscripts.LoginPageTest"/>
</testsuite> <!-- Test -->
