<?xml version="1.0" encoding="UTF-8"?>
<!-- Generated by org.testng.reporters.JUnitXMLReporter -->
<testsuite hostname="Surya_Machine" name="Test" tests="6" failures="0" timestamp="16 Apr 2020 05:21:45 GMT" time="95.393" errors="0">
  <testcase name="verifyLogo" time="2.009" classname="com.qa.testscripts.HomePageTest"/>
  <testcase name="verifyHomePageTest" time="0.025" classname="com.qa.testscripts.HomePageTest"/>
  <testcase name="verifyContactslinkTest" time="2.83" classname="com.qa.testscripts.HomePageTest"/>
  <testcase name="verifyCalendarTest" time="2.247" classname="com.qa.testscripts.HomePageTest"/>
  <testcase name="IntroductionTest" time="2.987" classname="com.qa.testscripts.IntroductionTest"/>
  <testcase name="LoginPageTest" time="0.561" classname="com.qa.testscripts.LoginPageTest"/>
</testsuite> <!-- Test -->
