<?xml version="1.0" encoding="UTF-8"?>
<testng-results skipped="0" failed="1" total="4" passed="3">
  <reporter-output>
    <line>
      <![CDATA[Logo is verified]]>
    </line>
    <line>
      <![CDATA[home page is verified]]>
    </line>
    <line>
      <![CDATA[Contacts Page link is working fine ]]>
    </line>
    <line>
      <![CDATA[Calendar Page link is working fine ]]>
    </line>
  </reporter-output>
  <suite name="Suite" duration-ms="77851" started-at="2020-04-28T09:15:50Z" finished-at="2020-04-28T09:17:08Z">
    <groups>
    </groups>
    <test name="Test" duration-ms="77851" started-at="2020-04-28T09:15:50Z" finished-at="2020-04-28T09:17:08Z">
      <class name="com.qa.testscripts.HomePageTest">
        <test-method status="PASS" signature="setup()[pri:0, instance:com.qa.testscripts.HomePageTest@604ed9f0]" name="setup" is-config="true" duration-ms="15421" started-at="2020-04-28T14:45:50Z" finished-at="2020-04-28T14:46:05Z">
          <reporter-output>
          </reporter-output>
        </test-method> <!-- setup -->
        <test-method status="PASS" signature="verifyLogo()[pri:0, instance:com.qa.testscripts.HomePageTest@604ed9f0]" name="verifyLogo" duration-ms="2136" started-at="2020-04-28T14:46:05Z" finished-at="2020-04-28T14:46:07Z">
          <reporter-output>
            <line>
              <![CDATA[Logo is verified]]>
            </line>
          </reporter-output>
        </test-method> <!-- verifyLogo -->
        <test-method status="PASS" signature="tearDown(org.testng.ITestResult)[pri:0, instance:com.qa.testscripts.HomePageTest@604ed9f0]" name="tearDown" is-config="true" duration-ms="199" started-at="2020-04-28T14:46:07Z" finished-at="2020-04-28T14:46:08Z">
          <params>
            <param index="0">
              <value>
                <![CDATA[[TestResult name=verifyLogo status=SUCCESS method=HomePageTest.verifyLogo()[pri:0, instance:com.qa.testscripts.HomePageTest@604ed9f0] output=Logo is verified]]]>
              </value>
            </param>
          </params>
          <reporter-output>
          </reporter-output>
        </test-method> <!-- tearDown -->
        <test-method status="PASS" signature="setup()[pri:0, instance:com.qa.testscripts.HomePageTest@604ed9f0]" name="setup" is-config="true" duration-ms="13308" started-at="2020-04-28T14:46:08Z" finished-at="2020-04-28T14:46:21Z">
          <reporter-output>
          </reporter-output>
        </test-method> <!-- setup -->
        <test-method status="PASS" signature="verifyHomePageTest()[pri:1, instance:com.qa.testscripts.HomePageTest@604ed9f0]" name="verifyHomePageTest" duration-ms="21" started-at="2020-04-28T14:46:21Z" finished-at="2020-04-28T14:46:21Z">
          <reporter-output>
            <line>
              <![CDATA[home page is verified]]>
            </line>
          </reporter-output>
        </test-method> <!-- verifyHomePageTest -->
        <test-method status="PASS" signature="tearDown(org.testng.ITestResult)[pri:0, instance:com.qa.testscripts.HomePageTest@604ed9f0]" name="tearDown" is-config="true" duration-ms="2339" started-at="2020-04-28T14:46:21Z" finished-at="2020-04-28T14:46:23Z">
          <params>
            <param index="0">
              <value>
                <![CDATA[[TestResult name=verifyHomePageTest status=SUCCESS method=HomePageTest.verifyHomePageTest()[pri:1, instance:com.qa.testscripts.HomePageTest@604ed9f0] output=home page is verified]]]>
              </value>
            </param>
          </params>
          <reporter-output>
          </reporter-output>
        </test-method> <!-- tearDown -->
        <test-method status="PASS" signature="setup()[pri:0, instance:com.qa.testscripts.HomePageTest@604ed9f0]" name="setup" is-config="true" duration-ms="25319" started-at="2020-04-28T14:46:23Z" finished-at="2020-04-28T14:46:49Z">
          <reporter-output>
          </reporter-output>
        </test-method> <!-- setup -->
        <test-method status="FAIL" signature="verifyContactslinkTest()[pri:2, instance:com.qa.testscripts.HomePageTest@604ed9f0]" name="verifyContactslinkTest" duration-ms="2170" started-at="2020-04-28T14:46:49Z" finished-at="2020-04-28T14:46:51Z">
          <exception class="java.lang.AssertionError">
            <message>
              <![CDATA[null]]>
            </message>
            <full-stacktrace>
              <![CDATA[java.lang.AssertionError: null
	at org.testng.Assert.fail(Assert.java:94)
	at org.testng.Assert.fail(Assert.java:101)
	at com.qa.testscripts.HomePageTest.verifyContactslinkTest(HomePageTest.java:62)
	at sun.reflect.NativeMethodAccessorImpl.invoke0(Native Method)
	at sun.reflect.NativeMethodAccessorImpl.invoke(Unknown Source)
	at sun.reflect.DelegatingMethodAccessorImpl.invoke(Unknown Source)
	at java.lang.reflect.Method.invoke(Unknown Source)
	at org.testng.internal.MethodInvocationHelper.invokeMethod(MethodInvocationHelper.java:100)
	at org.testng.internal.Invoker.invokeMethod(Invoker.java:646)
	at org.testng.internal.Invoker.invokeTestMethod(Invoker.java:811)
	at org.testng.internal.Invoker.invokeTestMethods(Invoker.java:1129)
	at org.testng.internal.TestMethodWorker.invokeTestMethods(TestMethodWorker.java:129)
	at org.testng.internal.TestMethodWorker.run(TestMethodWorker.java:112)
	at org.testng.TestRunner.privateRun(TestRunner.java:746)
	at org.testng.TestRunner.run(TestRunner.java:600)
	at org.testng.SuiteRunner.runTest(SuiteRunner.java:366)
	at org.testng.SuiteRunner.runSequentially(SuiteRunner.java:361)
	at org.testng.SuiteRunner.privateRun(SuiteRunner.java:319)
	at org.testng.SuiteRunner.run(SuiteRunner.java:268)
	at org.testng.SuiteRunnerWorker.runSuite(SuiteRunnerWorker.java:52)
	at org.testng.SuiteRunnerWorker.run(SuiteRunnerWorker.java:86)
	at org.testng.TestNG.runSuitesSequentially(TestNG.java:1264)
	at org.testng.TestNG.runSuitesLocally(TestNG.java:1189)
	at org.testng.TestNG.runSuites(TestNG.java:1104)
	at org.testng.TestNG.run(TestNG.java:1076)
	at org.testng.remote.AbstractRemoteTestNG.run(AbstractRemoteTestNG.java:126)
	at org.testng.remote.RemoteTestNG.initAndRun(RemoteTestNG.java:152)
	at org.testng.remote.RemoteTestNG.main(RemoteTestNG.java:57)
]]>
            </full-stacktrace>
          </exception> <!-- java.lang.AssertionError -->
          <reporter-output>
            <line>
              <![CDATA[Contacts Page link is working fine ]]>
            </line>
          </reporter-output>
        </test-method> <!-- verifyContactslinkTest -->
        <test-method status="PASS" signature="tearDown(org.testng.ITestResult)[pri:0, instance:com.qa.testscripts.HomePageTest@604ed9f0]" name="tearDown" is-config="true" duration-ms="993" started-at="2020-04-28T14:46:51Z" finished-at="2020-04-28T14:46:52Z">
          <params>
            <param index="0">
              <value>
                <![CDATA[[TestResult name=verifyContactslinkTest status=FAILURE method=HomePageTest.verifyContactslinkTest()[pri:2, instance:com.qa.testscripts.HomePageTest@604ed9f0] output=Contacts Page link is working fine ]]]>
              </value>
            </param>
          </params>
          <reporter-output>
          </reporter-output>
        </test-method> <!-- tearDown -->
        <test-method status="PASS" signature="setup()[pri:0, instance:com.qa.testscripts.HomePageTest@604ed9f0]" name="setup" is-config="true" duration-ms="13231" started-at="2020-04-28T14:46:52Z" finished-at="2020-04-28T14:47:05Z">
          <reporter-output>
          </reporter-output>
        </test-method> <!-- setup -->
        <test-method status="PASS" signature="verifyCalendarTest()[pri:3, instance:com.qa.testscripts.HomePageTest@604ed9f0]" name="verifyCalendarTest" duration-ms="2430" started-at="2020-04-28T14:47:05Z" finished-at="2020-04-28T14:47:08Z">
          <reporter-output>
            <line>
              <![CDATA[Calendar Page link is working fine ]]>
            </line>
          </reporter-output>
        </test-method> <!-- verifyCalendarTest -->
        <test-method status="PASS" signature="tearDown(org.testng.ITestResult)[pri:0, instance:com.qa.testscripts.HomePageTest@604ed9f0]" name="tearDown" is-config="true" duration-ms="211" started-at="2020-04-28T14:47:08Z" finished-at="2020-04-28T14:47:08Z">
          <params>
            <param index="0">
              <value>
                <![CDATA[[TestResult name=verifyCalendarTest status=SUCCESS method=HomePageTest.verifyCalendarTest()[pri:3, instance:com.qa.testscripts.HomePageTest@604ed9f0] output=Calendar Page link is working fine ]]]>
              </value>
            </param>
          </params>
          <reporter-output>
          </reporter-output>
        </test-method> <!-- tearDown -->
      </class> <!-- com.qa.testscripts.HomePageTest -->
    </test> <!-- Test -->
  </suite> <!-- Suite -->
</testng-results>
